
  [32m[1mVITE[22m v6.4.1[39m  [2mready in [0m[1m253[22m[2m[0m ms[22m

  [32m➜[39m  [1mLocal[22m:   [36mhttp://localhost:[1m8069[22m/[39m
  [32m➜[39m  [1mNetwork[22m: [36mhttp://192.168.0.250:[1m8069[22m/[39m
  [32m➜[39m  [1mNetwork[22m: [36mhttp://172.21.160.1:[1m8069[22m/[39m
[2m11:51:11 AM[22m [36m[1m[vite][22m[39m [90m[2m(client)[22m[39m [32m✨ new dependencies optimized: [33m@radix-ui/react-label[32m[39m
[2m11:51:11 AM[22m [36m[1m[vite][22m[39m [90m[2m(client)[22m[39m [32m✨ optimized dependencies changed. reloading[39m
[2m12:11:23 PM[22m [36m[1m[vite][22m[39m [90m[2m(client)[22m[39m [32mhmr update [39m[2m/@fs/C:\xampp\htdocs\mashora\mashora-site\frontend\src\components\ui\button.tsx, /src/index.css[22m
[2m12:11:23 PM[22m [36m[1m[vite][22m[39m [90m[2m(client)[22m[39m [32mhmr update [39m[2m/src/components/Layout.tsx, /src/index.css[22m
[2m12:11:23 PM[22m [36m[1m[vite][22m[39m [90m[2m(client)[22m[39m [32mhmr update [39m[2m/src/pages/Home.tsx, /src/index.css[22m
[2m12:11:23 PM[22m [36m[1m[vite][22m[39m [90m[2m(client)[22m[39m [32mhmr update [39m[2m/src/index.css, /src/components/Layout.tsx, /src/components/ProtectedRoute.tsx, /src/pages/Login.tsx, /src/pages/Pricing.tsx, /src/pages/Register.tsx[22m
[2m12:11:23 PM[22m [36m[1m[vite][22m[39m [90m[2m(client)[22m[39m [32mhmr update [39m[2m/src/pages/Login.tsx, /src/index.css[22m
[2m12:11:24 PM[22m [36m[1m[vite][22m[39m [90m[2m(client)[22m[39m [33mhmr invalidate [39m[2m/@fs/C:\xampp\htdocs\mashora\mashora-site\frontend\src\components\ui\button.tsx[22m Could not Fast Refresh ("buttonVariants" export is incompatible). Learn more at https://github.com/vitejs/vite-plugin-react/tree/main/packages/plugin-react#consistent-components-exports
[2m12:11:24 PM[22m [36m[1m[vite][22m[39m [90m[2m(client)[22m[39m [32mhmr update [39m[2m/src/index.css, /src/components/Layout.tsx, /@fs/C:\xampp\htdocs\mashora\mashora-site\frontend\src\components\theme-toggle.tsx, /src/pages/Home.tsx, /src/pages/Login.tsx, /src/pages/Register.tsx, /src/pages/Pricing.tsx, /src/pages/Marketplace.tsx[22m
[2m12:16:53 PM[22m [36m[1m[vite][22m[39m [90m[2m(client)[22m[39m [32mhmr update [39m[2m/src/components/Layout.tsx, /src/index.css[22m
[2m12:16:53 PM[22m [36m[1m[vite][22m[39m [90m[2m(client)[22m[39m [32mhmr update [39m[2m/src/pages/Home.tsx, /src/index.css[22m
[2m12:29:07 PM[22m [36m[1m[vite][22m[39m [90m[2m(client)[22m[39m [32mhmr update [39m[2m/src/index.css, /src/components/Layout.tsx, /src/components/ProtectedRoute.tsx, /src/pages/Login.tsx, /src/pages/Pricing.tsx, /src/pages/Dashboard.tsx, /src/pages/Register.tsx, /src/pages/Marketplace.tsx[22m
[2m12:29:07 PM[22m [36m[1m[vite][22m[39m [90m[2m(client)[22m[39m [32mhmr update [39m[2m/src/index.css, /src/components/Layout.tsx, /src/components/ProtectedRoute.tsx, /src/pages/Login.tsx, /src/pages/Pricing.tsx, /src/pages/Dashboard.tsx, /src/pages/Register.tsx[22m
[2m12:29:33 PM[22m [36m[1m[vite][22m[39m [90m[2m(client)[22m[39m [32mhmr update [39m[2m/src/index.css, /src/pages/Dashboard.tsx[22m
[2m12:29:33 PM[22m [36m[1m[vite][22m[39m [90m[2m(client)[22m[39m [32mhmr update [39m[2m/src/index.css, /src/pages/Pricing.tsx, /src/pages/Dashboard.tsx[22m
[2m12:30:13 PM[22m [36m[1m[vite][22m[39m [90m[2m(client)[22m[39m [32mpage reload [39m[2msrc/api/support.ts[22m
[2m12:30:13 PM[22m [36m[1m[vite][22m[39m [90m[2m(client)[22m[39m [32mpage reload [39m[2msrc/api/upgrades.ts[22m
[2m12:30:13 PM[22m [36m[1m[vite][22m[39m [90m[2m(client)[22m[39m [32mpage reload [39m[2msrc/api/admin.ts[22m
[2m12:30:13 PM[22m [36m[1m[vite][22m[39m [90m[2m(client)[22m[39m [32mhmr update [39m[2m/@fs/C:\xampp\htdocs\mashora\mashora-site\frontend\src\components\app\status-badge.tsx, /src/index.css[22m
[2m12:30:13 PM[22m [36m[1m[vite][22m[39m [90m[2m(client)[22m[39m [32mhmr update [39m[2m/src/pages/Dashboard.tsx, /src/index.css[22m
[2m12:30:13 PM[22m [36m[1m[vite][22m[39m [90m[2m(client)[22m[39m [32mhmr update [39m[2m/src/index.css, /src/pages/Marketplace.tsx[22m
[2m12:32:53 PM[22m [36m[1m[vite][22m[39m [90m[2m(client)[22m[39m [32mhmr update [39m[2m/src/pages/Pricing.tsx, /src/index.css[22m
[2m12:33:06 PM[22m [36m[1m[vite][22m[39m [90m[2m(client)[22m[39m [32mhmr update [39m[2m/src/pages/Login.tsx, /src/index.css[22m
[2m12:40:29 PM[22m [36m[1m[vite][22m[39m [90m[2m(client)[22m[39m [32mhmr update [39m[2m/src/index.css, /src/pages/Marketplace.tsx[22m
[2m12:40:29 PM[22m [36m[1m[vite][22m[39m [90m[2m(client)[22m[39m [32mhmr update [39m[2m/@fs/C:\xampp\htdocs\mashora\mashora-site\frontend\src\components\app\status-badge.tsx, /src/index.css[22m
[2m12:40:29 PM[22m [36m[1m[vite][22m[39m [90m[2m(client)[22m[39m [32mpage reload [39m[2msrc/api/support.ts[22m
[2m12:44:47 PM[22m [36m[1m[vite][22m[39m [90m[2m(client)[22m[39m [32m✨ new dependencies optimized: [33m@radix-ui/react-select, @radix-ui/react-tabs[32m[39m
[2m12:44:47 PM[22m [36m[1m[vite][22m[39m [90m[2m(client)[22m[39m [32m✨ optimized dependencies changed. reloading[39m
[2m12:44:51 PM[22m [36m[1m[vite][22m[39m [90m[2m(client)[22m[39m [32m✨ new dependencies optimized: [33m@radix-ui/react-separator, @radix-ui/react-dialog[32m[39m
[2m12:44:51 PM[22m [36m[1m[vite][22m[39m [90m[2m(client)[22m[39m [32m✨ optimized dependencies changed. reloading[39m
[2m5:15:31 PM[22m [36m[1m[vite][22m[39m [90m[2m(client)[22m[39m [32mhmr update [39m[2m/src/index.css, /src/components/Layout.tsx, /src/components/ProtectedRoute.tsx, /src/pages/Login.tsx, /src/pages/Pricing.tsx, /src/pages/Dashboard.tsx, /src/pages/AddonDetail.tsx, /src/pages/Register.tsx[22m
[2m5:15:31 PM[22m [36m[1m[vite][22m[39m [90m[2m(client)[22m[39m [32mhmr update [39m[2m/src/index.css, /src/components/Layout.tsx, /src/components/ProtectedRoute.tsx, /src/pages/Login.tsx, /src/pages/Pricing.tsx, /src/pages/Dashboard.tsx, /src/pages/AddonDetail.tsx[22m
[2m5:15:31 PM[22m [36m[1m[vite][22m[39m [90m[2m(client)[22m[39m [32mhmr update [39m[2m/src/index.css, /src/components/Layout.tsx, /src/components/ProtectedRoute.tsx, /src/pages/Login.tsx, /src/pages/Pricing.tsx, /src/pages/Dashboard.tsx, /src/pages/AddonDetail.tsx, /src/pages/Register.tsx, /src/pages/Billing.tsx, /src/pages/Marketplace.tsx, /src/pages/PublisherDashboard.tsx, /src/pages/Upgrades.tsx, /src/pages/CreateTenant.tsx, /src/pages/Support.tsx, /src/pages/Admin.tsx[22m
[2m5:21:25 PM[22m [36m[1m[vite][22m[39m [90m[2m(client)[22m[39m [32mhmr update [39m[2m/src/index.css, /src/components/Layout.tsx, /src/components/ProtectedRoute.tsx, /src/pages/Login.tsx, /src/pages/Pricing.tsx, /src/pages/Dashboard.tsx, /src/pages/AddonDetail.tsx, /src/pages/Register.tsx[22m
[2m5:21:25 PM[22m [36m[1m[vite][22m[39m [90m[2m(client)[22m[39m [32mhmr update [39m[2m/src/index.css, /src/components/Layout.tsx, /src/components/ProtectedRoute.tsx, /src/pages/Login.tsx, /src/pages/Pricing.tsx, /src/pages/Dashboard.tsx, /src/pages/AddonDetail.tsx, /src/pages/Register.tsx, /src/pages/Billing.tsx, /src/pages/Marketplace.tsx, /src/pages/PublisherDashboard.tsx, /src/pages/Upgrades.tsx, /src/pages/CreateTenant.tsx, /src/pages/Support.tsx, /src/pages/Admin.tsx[22m
[2m5:23:39 PM[22m [36m[1m[vite][22m[39m [90m[2m(client)[22m[39m [32mhmr update [39m[2m/src/index.css, /src/components/Layout.tsx, /src/components/ProtectedRoute.tsx, /src/pages/Login.tsx, /src/pages/Pricing.tsx, /src/pages/Dashboard.tsx, /src/pages/AddonDetail.tsx, /src/pages/Register.tsx, /src/pages/Billing.tsx, /src/pages/Marketplace.tsx, /src/pages/PublisherDashboard.tsx, /src/pages/Upgrades.tsx, /src/pages/CreateTenant.tsx, /src/pages/Support.tsx, /src/pages/Admin.tsx[22m
[2m5:23:39 PM[22m [36m[1m[vite][22m[39m [90m[2m(client)[22m[39m [32mhmr update [39m[2m/src/index.css, /src/components/Layout.tsx, /src/components/ProtectedRoute.tsx, /src/pages/Login.tsx, /src/pages/Pricing.tsx, /src/pages/Dashboard.tsx, /src/pages/AddonDetail.tsx, /src/pages/Register.tsx, /src/pages/Billing.tsx, /src/pages/Marketplace.tsx, /src/pages/PublisherDashboard.tsx, /src/pages/Upgrades.tsx, /src/pages/CreateTenant.tsx, /src/pages/Support.tsx, /src/pages/Admin.tsx[22m
[2m5:35:59 PM[22m [36m[1m[vite][22m[39m [90m[2m(client)[22m[39m [32mhmr update [39m[2m/@fs/C:\xampp\htdocs\mashora\mashora-site\frontend\src\components\ui\button.tsx, /src/index.css[22m
[2m5:35:59 PM[22m [36m[1m[vite][22m[39m [90m[2m(client)[22m[39m [32mhmr update [39m[2m/@fs/C:\xampp\htdocs\mashora\mashora-site\frontend\src\components\app\stat-card.tsx, /src/index.css[22m
[2m5:35:59 PM[22m [36m[1m[vite][22m[39m [90m[2m(client)[22m[39m [32mhmr update [39m[2m/src/components/Layout.tsx, /src/index.css[22m
[2m5:35:59 PM[22m [36m[1m[vite][22m[39m [90m[2m(client)[22m[39m [32mhmr update [39m[2m/@fs/C:\xampp\htdocs\mashora\mashora-site\frontend\src\components\ui\avatar.tsx, /src/index.css[22m
[2m5:35:59 PM[22m [36m[1m[vite][22m[39m [90m[2m(client)[22m[39m [32mhmr update [39m[2m/@fs/C:\xampp\htdocs\mashora\mashora-site\frontend\src\components\ui\progress.tsx, /src/index.css[22m
[2m5:35:59 PM[22m [36m[1m[vite][22m[39m [90m[2m(client)[22m[39m [32mhmr update [39m[2m/src/pages/Home.tsx, /src/index.css[22m
[2m5:35:59 PM[22m [36m[1m[vite][22m[39m [90m[2m(client)[22m[39m [32mhmr update [39m[2m/src/pages/Marketplace.tsx, /src/index.css[22m
[2m5:35:59 PM[22m [36m[1m[vite][22m[39m [90m[2m(client)[22m[39m [32mhmr update [39m[2m/src/pages/Pricing.tsx, /src/index.css[22m
[2m5:35:59 PM[22m [36m[1m[vite][22m[39m [90m[2m(client)[22m[39m [32mhmr update [39m[2m/src/pages/Support.tsx, /src/index.css[22m
[2m5:36:00 PM[22m [36m[1m[vite][22m[39m [90m[2m(client)[22m[39m [33mhmr invalidate [39m[2m/@fs/C:\xampp\htdocs\mashora\mashora-site\frontend\src\components\ui\button.tsx[22m Could not Fast Refresh ("buttonVariants" export is incompatible). Learn more at https://github.com/vitejs/vite-plugin-react/tree/main/packages/plugin-react#consistent-components-exports
[2m5:36:00 PM[22m [36m[1m[vite][22m[39m [90m[2m(client)[22m[39m [32mhmr update [39m[2m/src/index.css, /src/components/Layout.tsx, /@fs/C:\xampp\htdocs\mashora\mashora-site\frontend\src\components\theme-toggle.tsx, /src/pages/Home.tsx, /src/pages/Login.tsx, /src/pages/Register.tsx, /src/pages/Pricing.tsx, /src/pages/Marketplace.tsx, /src/pages/Dashboard.tsx, /src/pages/AddonDetail.tsx, /src/pages/Billing.tsx, /src/pages/Support.tsx, /src/pages/Upgrades.tsx, /src/pages/Admin.tsx, /src/pages/PublisherDashboard.tsx, /src/pages/CreateTenant.tsx[22m
[2m5:36:50 PM[22m [36m[1m[vite][22m[39m [90m[2m(client)[22m[39m [32mhmr update [39m[2m/@fs/C:\xampp\htdocs\mashora\mashora-site\frontend\src\components\ui\badge.tsx, /src/index.css[22m
[2m5:36:50 PM[22m [36m[1m[vite][22m[39m [90m[2m(client)[22m[39m [33mhmr invalidate [39m[2m/@fs/C:\xampp\htdocs\mashora\mashora-site\frontend\src\components\ui\badge.tsx[22m Could not Fast Refresh ("badgeVariants" export is incompatible). Learn more at https://github.com/vitejs/vite-plugin-react/tree/main/packages/plugin-react#consistent-components-exports
[2m5:36:50 PM[22m [36m[1m[vite][22m[39m [90m[2m(client)[22m[39m [32mhmr update [39m[2m/src/index.css, /src/pages/Home.tsx, /src/pages/Pricing.tsx, /src/pages/Marketplace.tsx, /@fs/C:\xampp\htdocs\mashora\mashora-site\frontend\src\components\app\status-badge.tsx, /src/pages/AddonDetail.tsx[22m
[2m5:51:00 PM[22m [36m[1m[vite][22m[39m [90m[2m(client)[22m[39m [32mhmr update [39m[2m/src/components/Layout.tsx, /src/index.css[22m
[2m5:51:08 PM[22m [36m[1m[vite][22m[39m [90m[2m(client)[22m[39m [32mhmr update [39m[2m/@fs/C:\xampp\htdocs\mashora\mashora-site\frontend\src\components\app\page-header.tsx, /src/index.css[22m
[2m5:51:18 PM[22m [36m[1m[vite][22m[39m [90m[2m(client)[22m[39m [32mhmr update [39m[2m/@fs/C:\xampp\htdocs\mashora\mashora-site\frontend\src\components\app\section-card.tsx, /src/index.css[22m
[2m5:51:34 PM[22m [36m[1m[vite][22m[39m [90m[2m(client)[22m[39m [32mhmr update [39m[2m/@fs/C:\xampp\htdocs\mashora\mashora-site\frontend\src\components\ui\tabs.tsx, /src/index.css[22m
[2m5:51:57 PM[22m [36m[1m[vite][22m[39m [90m[2m(client)[22m[39m [32mhmr update [39m[2m/src/pages/PublisherDashboard.tsx, /src/index.css[22m
[2m5:52:06 PM[22m [36m[1m[vite][22m[39m [90m[2m(client)[22m[39m [32mhmr update [39m[2m/src/pages/Dashboard.tsx, /src/index.css[22m
[2m5:52:21 PM[22m [36m[1m[vite][22m[39m [90m[2m(client)[22m[39m [32mhmr update [39m[2m/src/pages/Admin.tsx, /src/index.css[22m
[2m5:52:35 PM[22m [36m[1m[vite][22m[39m [90m[2m(client)[22m[39m [32mhmr update [39m[2m/src/pages/AddonDetail.tsx, /src/index.css[22m
